<?xml version="1.0" encoding="UTF-8"?>
<!-- Generated by org.testng.reporters.JUnitXMLReporter -->
<testsuite ignored="1" hostname="SYPULCND1166FBQ" failures="2" tests="4" name="APITests" time="3.217" errors="0" timestamp="2024-11-25T15:05:17 IST">
  <testcase classname="com.qa.tests.LibraryAPITest" name="TC001_getBookByAuthorName_positiveScenario" time="1.32">
    <failure type="java.lang.AssertionError" message="Actual Book Name does not match with the expected book expected [My Gujrati Bookk] but found [My Gujrati Book]">
      <![CDATA[java.lang.AssertionError: Actual Book Name does not match with the expected book expected [My Gujrati Bookk] but found [My Gujrati Book]
at com.qa.tests.BaseTest.assertEquals(BaseTest.java:111)
at com.qa.tests.LibraryAPITest.TC001_getBookByAuthorName_positiveScenario(LibraryAPITest.java:49)
at java.base/java.util.ArrayList.forEach(ArrayList.java:1511)
... Removed 32 stack frames]]>
    </failure>
  </testcase> <!-- TC001_getBookByAuthorName_positiveScenario -->
  <testcase classname="com.qa.tests.LibraryAPITest" name="TC002_getBookByAuthorName_NegativeScenario" time="0.19">
    <failure type="java.lang.AssertionError" message="Actual Message does not match with the expected Message expected [The book by requested bookid / author name does not existss!] but found [The book by requested bookid / author name does not exists!]">
      <![CDATA[java.lang.AssertionError: Actual Message does not match with the expected Message expected [The book by requested bookid / author name does not existss!] but found [The book by requested bookid / author name does not exists!]
at com.qa.tests.BaseTest.assertEquals(BaseTest.java:111)
at com.qa.tests.LibraryAPITest.TC002_getBookByAuthorName_NegativeScenario(LibraryAPITest.java:79)
at java.base/java.util.ArrayList.forEach(ArrayList.java:1511)
... Removed 32 stack frames]]>
    </failure>
  </testcase> <!-- TC002_getBookByAuthorName_NegativeScenario -->
  <testcase classname="com.qa.tests.LibraryAPITest" name="TC003_addBook_Scenario" time="0.411"/>
  <testcase classname="com.qa.tests.LibraryAPITest" name="TC004_deleteBook_Scenario" time="0.278"/>
  <testcase classname="com.qa.tests.GoogleMapsAPITest" name="TC001_getPlaceGoogleMaps_Scenario" time="0.0">
    <ignored/>
  </testcase> <!-- TC001_getPlaceGoogleMaps_Scenario -->
</testsuite> <!-- APITests -->
